  CopyString.cpp
  Doctor.cpp
  Graduate.cpp
  ListOnMyOwn.cpp
  NewString.cpp
  NewStudent.cpp
  source10.cpp
  source11.cpp
  source12.cpp
  source13.cpp
  source14.cpp
  source15.cpp
  source16.cpp
  source3.cpp
  source1.cpp
  source2.cpp
  source4.cpp
C:\Users\1\Desktop\Code\C++学习\Learning1\source4.cpp(1,6): warning C4067: 预处理器指令后有意外标记 - 应输入换行符
  MyClock.cpp
  source5.cpp
  source6.cpp
  正在生成代码...
  正在编译...
  source7.cpp
  source8.cpp
  source9.cpp
  正在生成代码...
  Learning1.vcxproj -> C:\Users\1\Desktop\Code\C++学习\Learning1\Debug\Learning1.exe
